This is pdfTeX, Version 3.1415926-1.40.11 (TeX Live 2010) (format=prv_main 2012.7.22)  22 JUL 2012 20:51
entering extended mode
 restricted \write18 enabled.
 %&-line parsing enabled.
**&prv_main _region_.tex
(./_region_.tex
LaTeX2e <2009/09/24>
Babel <v3.8l> and hyphenation patterns for english, dumylang, nohyphenation, ge
rman-x-2009-06-19, ngerman-x-2009-06-19, ancientgreek, ibycus, arabic, armenian
, basque, bulgarian, catalan, pinyin, coptic, croatian, czech, danish, dutch, u
kenglish, usenglishmax, esperanto, estonian, farsi, finnish, french, galician, 
german, ngerman, swissgerman, monogreek, greek, hungarian, icelandic, assamese,
 bengali, gujarati, hindi, kannada, malayalam, marathi, oriya, panjabi, tamil, 
telugu, indonesian, interlingua, irish, italian, kurmanji, lao, latin, latvian,
 lithuanian, mongolian, mongolianlmc, bokmal, nynorsk, polish, portuguese, roma
nian, russian, sanskrit, serbian, slovak, slovenian, spanish, swedish, turkish,
 turkmen, ukrainian, uppersorbian, welsh, loaded.
CUSTOMISED FORMAT. Preloaded files:
        .
  report.cls    2007/10/19 v1.4h Standard LaTeX document class
  size10.clo    2007/10/19 v1.4h Standard LaTeX file (size option)
 amsmath.sty    2000/07/18 v2.13 AMS math features
 amstext.sty    2000/06/29 v2.01
  amsgen.sty    1999/11/30 v2.0
  amsbsy.sty    1999/11/29 v1.2d
  amsopn.sty    1999/12/14 v2.01 operator names
        .
No file _region_.aux.
LaTeX Font Info:    Checking defaults for OML/cmm/m/it on input line 6.
LaTeX Font Info:    ... okay on input line 6.
LaTeX Font Info:    Checking defaults for T1/cmr/m/n on input line 6.
LaTeX Font Info:    ... okay on input line 6.
LaTeX Font Info:    Checking defaults for OT1/cmr/m/n on input line 6.
LaTeX Font Info:    ... okay on input line 6.
LaTeX Font Info:    Checking defaults for OMS/cmsy/m/n on input line 6.
LaTeX Font Info:    ... okay on input line 6.
LaTeX Font Info:    Checking defaults for OMX/cmex/m/n on input line 6.
LaTeX Font Info:    ... okay on input line 6.
LaTeX Font Info:    Checking defaults for U/cmr/m/n on input line 6.
LaTeX Font Info:    ... okay on input line 6.

(/Applications/Aquamacs.app/Contents/Resources/lisp/aquamacs/edit-modes/auctex/
latex/preview.sty
Package: preview 2010/02/14 11.86 (AUCTeX/preview-latex)

(/Applications/Aquamacs.app/Contents/Resources/lisp/aquamacs/edit-modes/auctex/
latex/prtightpage.def
\PreviewBorder=\dimen112
)
(/Applications/Aquamacs.app/Contents/Resources/lisp/aquamacs/edit-modes/auctex/
latex/prauctex.def
No auxiliary output files.


\hbadness=\count100
\hfuzz=\dimen113

(/Applications/Aquamacs.app/Contents/Resources/lisp/aquamacs/edit-modes/auctex/
latex/prauctex.cfg))
(/Applications/Aquamacs.app/Contents/Resources/lisp/aquamacs/edit-modes/auctex/
latex/prfootnotes.def)
\pr@snippet=\count101
\pr@box=\box28
\pr@output=\toks19

Preview: Fontsize 10pt
Preview: PDFoutput 1
)  !name(main.tex) !offset(-3) 
! Preview: Snippet 1 started.
<-><->
      
l.21 \chapter
             {Introduction}
Not a real error.

Chapter 1.
Preview: Tightpage -32891 -32891 32891 32891
! Preview: Snippet 1 ended.(8192000+0x22609920).
<-><->
      
l.21 \chapter{Introduction}
                           
Not a real error.

[1




{/usr/local/texlive/2010/texmf-var/fonts/map/pdftex/updmap/pdftex.map}]
! Preview: Snippet 2 started.
<-><->
      
l.23 \section
             {Formal Problem Statement}
Not a real error.

! Preview: Snippet 2 ended.(655359+0x22609920).
<-><->
      
l.23 \section{Formal Problem Statement}
                                       
Not a real error.

[2

]
! Preview: Snippet 3 started.
<-><->
      
l.25 ... source separation (BSS) problem. We let $
                                                  S(t)\in \mathbf{R}^n$ for ...

Not a real error.

! Preview: Snippet 3 ended.(491520+163840x2908987).
<-><->
      
l.25 ...SS) problem. We let $S(t)\in \mathbf{R}^n$
                                                   for $t>0, n>0$ denote the...

Not a real error.

[3]
! Preview: Snippet 4 started.
<-><->
      
l.25 ...oblem. We let $S(t)\in \mathbf{R}^n$ for $
                                                  t>0, n>0$ denote the signa...

Not a real error.

! Preview: Snippet 4 ended.(422343+127431x3324271).
<-><->
      
l.25 ... let $S(t)\in \mathbf{R}^n$ for $t>0, n>0$
                                                   denote the signals genera...

Not a real error.

[4]
! Preview: Snippet 5 started.
<-><->
      
l.25 ...>0, n>0$ denote the signals generated by $
                                                  n$ sources. Similarly, we ...

Not a real error.

! Preview: Snippet 5 ended.(282168+0x393370).
<-><->
      
l.25 ..., n>0$ denote the signals generated by $n$
                                                   sources. Similarly, we le...

Not a real error.

[5]
! Preview: Snippet 6 started.
<-><->
      
l.25 ...erated by $n$ sources. Similarly, we let $
                                                  X(t)\in \mathbf{R}^m$ for ...

Not a real error.

! Preview: Snippet 6 ended.(491520+163840x3204810).
<-><->
      
l.25 .... Similarly, we let $X(t)\in \mathbf{R}^m$
                                                   for $t>0, n>0$ the observ...

Not a real error.

[6]
! Preview: Snippet 7 started.
<-><->
      
l.25 ...larly, we let $X(t)\in \mathbf{R}^m$ for $
                                                  t>0, n>0$ the observed sen...

Not a real error.

! Preview: Snippet 7 ended.(422343+127431x3324271).
<-><->
      
l.25 ... let $X(t)\in \mathbf{R}^m$ for $t>0, n>0$
                                                   the observed sensor readi...

Not a real error.

[7]
! Preview: Snippet 8 started.
<-><->
      
l.25 ...e emitted signals. A \emph{mixing model} $
                                                  f(S,t)$ defines the relati...

Not a real error.

! Preview: Snippet 8 ended.(491520+163840x1832278).
<-><->
      
l.25 ...ed signals. A \emph{mixing model} $f(S,t)$
                                                   defines the relationship ...

Not a real error.

[8]
! Preview: Snippet 9 started.
<-><->
      
l.27 \begin{equation}
                     \label{mixing_model}
Not a real error.

! Preview: Snippet 9 ended.(655360+0x22609920).
<-><->
      
l.29 \end{equation}
                   
Not a real error.

[9

]
! Preview: Snippet 10 started.
<-><->
      
l.31 As only the observed value $
                                 X$ is known, we need to determine the inver...

Not a real error.

! Preview: Snippet 10 ended.(447828+0x594374).
<-><->
      
l.31 As only the observed value $X$
                                    is known, we need to determine the inver...

Not a real error.

[10]
! Preview: Snippet 11 started.
<-><->
      
l.31 ... known, we need to determine the inverse $
                                                  f^{-1}(S,t)$, that is, the...

Not a real error.

! Preview: Snippet 11 ended.(533465+163840x2535882).
<-><->
      
l.31 ...eed to determine the inverse $f^{-1}(S,t)$
                                                  , that is, the \emph{unmix...

Not a real error.

[11]
! Preview: Snippet 12 started.
<-><->
      
l.33 \subsection
                {Single Microphone Blind Source Separation}
Not a real error.

! Preview: Snippet 12 ended.(546132+152916x22609920).
<-><->
      
l.33 ...Single Microphone Blind Source Separation}
                                                  
Not a real error.

[12

]
! Preview: Snippet 13 started.
<-><->
      
l.35 ...problem, is the single microphone\footnote
                                                  {The reader may subsitute ...

Not a real error.

! Preview: Snippet 13 ended.(533465+0x294003).
<-><->
      
l.35 ...tever recording instrument he may choose.}
                                                   blind source separation (...

Not a real error.

[13]
! Preview: Snippet 14 started.
<-><->
      
l.35 ... source signals, but the observed signal $
                                                  X(t)$ is a scalar. This in...

Not a real error.

! Preview: Snippet 14 ended.(491520+163840x1340758).
<-><->
      
l.35 ...ce signals, but the observed signal $X(t)$
                                                   is a scalar. This introdu...

Not a real error.

[14]
! Preview: Snippet 15 started.
<-><->
      
l.37 \subsection
                {A Simple Linear Mixing Model}
Not a real error.

! Preview: Snippet 15 ended.(546132+152916x22609920).
<-><->
      
l.37 \subsection{A Simple Linear Mixing Model}
                                              
Not a real error.

[15

]
! Preview: Snippet 16 started.
<-><->
      
l.39 ...not change as a function of time, so the $
                                                  t$ argument in Equation \r...

Not a real error.

! Preview: Snippet 16 ended.(403098+0x236658).
<-><->
      
l.39 ...t change as a function of time, so the $t$
                                                   argument in Equation \ref...

Not a real error.

[16]

LaTeX Warning: Reference `mixing_model' on page 1 undefined on input line 39.

! Preview: Snippet 17 started.
<-><->
      
l.39 ... \ref{mixing_model} can be omitted. With $
                                                  T$ measurements, $N$ sourc...

Not a real error.

! Preview: Snippet 17 ended.(447828+0x473999).
<-><->
      
l.39 ...ref{mixing_model} can be omitted. With $T$
                                                   measurements, $N$ sources...

Not a real error.

[17]
! Preview: Snippet 18 started.
<-><->
      
l.39 ...} can be omitted. With $T$ measurements, $
                                                  N$ sources, and $M$ sensor...

Not a real error.

! Preview: Snippet 18 ended.(447828+0x598014).
<-><->
      
l.39 ...can be omitted. With $T$ measurements, $N$
                                                   sources, and $M$ sensors,...

Not a real error.

[18]
! Preview: Snippet 19 started.
<-><->
      
l.39 ... With $T$ measurements, $N$ sources, and $
                                                  M$ sensors, this model can...

Not a real error.

! Preview: Snippet 19 ended.(447828+0x707242).
<-><->
      
l.39 ...ith $T$ measurements, $N$ sources, and $M$
                                                   sensors, this model can b...

Not a real error.

[19]
! Preview: Snippet 20 started.
<-><->
      
l.42 \begin{equation}
                     \label{linear_mixing_model}
Not a real error.

! Preview: Snippet 20 ended.(655360+0x22609920).
<-><->
      
l.44 \end{equation}
                   
Not a real error.

[20

]
! Preview: Snippet 21 started.
<-><->
      
l.46 With $
           X \in \mathbf{R}^{N\times T}$, $A \in \mathbf{R}^{N\times M}$ and...

Not a real error.

! Preview: Snippet 21 ended.(551306+25623x3247367).
<-><->
      
l.46 With $X \in \mathbf{R}^{N\times T}$
                                        , $A \in \mathbf{R}^{N\times M}$ and...

Not a real error.

[21]
! Preview: Snippet 22 started.
<-><->
      
l.46 With $X \in \mathbf{R}^{N\times T}$, $
                                           A \in \mathbf{R}^{N\times M}$ and...

Not a real error.

! Preview: Snippet 22 ended.(551306+25623x3313384).
<-><->
      
l.46 ...\times T}$, $A \in \mathbf{R}^{N\times M}$
                                                   and $S \in \mathbf{R}^{M\...

Not a real error.

[22]
! Preview: Snippet 23 started.
<-><->
      
l.46 ... T}$, $A \in \mathbf{R}^{N\times M}$ and $
                                                  S \in \mathbf{R}^{M\times ...

Not a real error.

! Preview: Snippet 23 ended.(551306+25623x3177280).
<-><->
      
l.46 ...mes M}$ and $S \in \mathbf{R}^{M\times T}$
                                                  . The problem of determini...

Not a real error.

[23]
! Preview: Snippet 24 started.
<-><->
      
l.46 ...el now consists of computing the inverse $
                                                  W = A^{-1}$, so that the o...

Not a real error.

! Preview: Snippet 24 ended.(533465+0x2778905).
<-><->
      
l.46 ...ists of computing the inverse $W = A^{-1}$
                                                  , so that the original signal

Not a real error.

[24]
! Preview: Snippet 25 started.
<-><->
      
l.48 \begin{equation}
                     \label{linear_unmixing_model}
Not a real error.

! Preview: Snippet 25 ended.(655360+0x22609920).
<-><->
      
l.50 \end{equation}
                   
Not a real error.

[25

]

LaTeX Warning: Reference `linear_mixing_model' on page 1 undefined on input lin
e 54.

! Preview: Snippet 26 started.
<-><->
      
l.54 ... that is we are trying to determine both $
                                                  A$ and $S$ given only $X$....

Not a real error.

! Preview: Snippet 26 ended.(447828+0x491521).
<-><->
      
l.54 ...hat is we are trying to determine both $A$
                                                   and $S$ given only $X$. T...

Not a real error.

[26]
! Preview: Snippet 27 started.
<-><->
      
l.54 ... we are trying to determine both $A$ and $
                                                  S$ given only $X$. This im...

Not a real error.

! Preview: Snippet 27 ended.(447828+0x439636).
<-><->
      
l.54 ...e are trying to determine both $A$ and $S$
                                                   given only $X$. This impl...

Not a real error.

[27]
! Preview: Snippet 28 started.
<-><->
      
l.54 ...to determine both $A$ and $S$ given only $
                                                  X$. This implies that we n...

Not a real error.

! Preview: Snippet 28 ended.(447828+0x594374).
<-><->
      
l.54 ... determine both $A$ and $S$ given only $X$
                                                  . This implies that we nee...

Not a real error.

[28]
! Preview: Snippet 29 started.
<-><->
      
l.56 \chapter
             {Principal Component Analysis}
Not a real error.

Chapter 2.
! Preview: Snippet 29 ended.(10158080+317047x22609920).
<-><->
      
l.56 \chapter{Principal Component Analysis}
                                           
Not a real error.

[29




]
! Preview: Snippet 30 started.
<-><->
      
l.62 \section
             {Non-Linear PCA}
Not a real error.

! Preview: Snippet 30 ended.(655359+0x22609920).
<-><->
      
l.62 \section{Non-Linear PCA}
                             
Not a real error.

[30

]
! Preview: Snippet 31 started.
<-><->
      
l.65 \chapter
             {Independent Component Analysis}
Not a real error.

Chapter 3.
! Preview: Snippet 31 ended.(10158080+317047x22609920).
<-><->
      
l.65 \chapter{Independent Component Analysis}
                                             
Not a real error.

[31




]
! Preview: Snippet 32 started.
<-><->
      
l.67 \section
             {Restrictions in the ICA Model}\label{ICA_restrictions}
Not a real error.

! Preview: Snippet 32 ended.(655359+0x22609920).
<-><->
      
l.67 \section{Restrictions in the ICA Model}
                                            \label{ICA_restrictions}
Not a real error.

[32

]
! Preview: Snippet 33 started.
<-><->
      
l.69 \section
             {ICA in the Linear Mixing Model}
Not a real error.

! Preview: Snippet 33 ended.(655359+183500x22609920).
<-><->
      
l.69 \section{ICA in the Linear Mixing Model}
                                             
Not a real error.

[33

]
! Preview: Snippet 34 started.
<-><->
      
l.71 ...lihood estimator for the unmixing matrix $
                                                  W$, and an algorithm to so...

Not a real error.

! Preview: Snippet 34 ended.(447828+0x709974).
<-><->
      
l.71 ...hood estimator for the unmixing matrix $W$
                                                  , and an algorithm to solv...

Not a real error.

[34]
! Preview: Snippet 35 started.
<-><->
      
l.73 Let $
          p_s(s_i)$ be the probability distribution for source $i$, then, as...

Not a real error.

! Preview: Snippet 35 ended.(491520+163840x1644964).
<-><->
      
l.73 Let $p_s(s_i)$
                    be the probability distribution for source $i$, then, as...

Not a real error.

[35]
! Preview: Snippet 36 started.
<-><->
      
l.73 ... the probability distribution for source $
                                                  i$, then, assuming the sou...

Not a real error.

! Preview: Snippet 36 ended.(432226+0x225780).
<-><->
      
l.73 ...he probability distribution for source $i$
                                                  , then, assuming the sourc...

Not a real error.

[36]
! Preview: Snippet 37 started.
<-><->
      
l.73 ...endent the joint distribution of all the $
                                                  n$ sources is given by the...

Not a real error.

! Preview: Snippet 37 ended.(282168+0x393370).
<-><->
      
l.73 ...dent the joint distribution of all the $n$
                                                   sources is given by the p...

Not a real error.

[37]
! Preview: Snippet 38 started.
<-><->
      
l.75 \begin{equation}
                     
Not a real error.

! Preview: Snippet 38 ended.(655360+0x22609920).
<-><->
      
l.77 \end{equation}
                   
Not a real error.

[38]

LaTeX Warning: Reference `linear_unmixing_model' on page 1 undefined on input l
ine 79.

! Preview: Snippet 39 started.
<-><->
      
l.81 \begin{equation}
                     
Not a real error.

! Preview: Snippet 39 ended.(655360+0x22609920).
<-><->
      
l.83 \end{equation}
                   
Not a real error.

[39]
! Preview: Snippet 40 started.
<-><->
      
l.85 ... actual data. If our dataset consists of $
                                                  T$ observations $X = \{x_1...

Not a real error.

! Preview: Snippet 40 ended.(447828+0x473999).
<-><->
      
l.85 ...ctual data. If our dataset consists of $T$
                                                   observations $X = \{x_1,x...

Not a real error.

[40]
! Preview: Snippet 41 started.
<-><->
      
l.85 ...our dataset consists of $T$ observations $
                                                  X = \{x_1,x_2,...,x_T\}$, ...

Not a real error.

! Preview: Snippet 41 ended.(491520+163840x5668012).
<-><->
      
l.85 ...$T$ observations $X = \{x_1,x_2,...,x_T\}$
                                                  , the log-likehliood funct...

Not a real error.

[41]
! Preview: Snippet 42 started.
<-><->
      
l.87 \begin{equation}
                     
Not a real error.

! Preview: Snippet 42 ended.(747914+0x22609920).
<-><->
      
l.89 \end{equation}
                   
Not a real error.

[42]
! Preview: Snippet 43 started.
<-><->
      
l.91 \chapter
             {Results}
Not a real error.

Chapter 4.
! Preview: Snippet 43 ended.(8192000+0x22609920).
<-><->
      
l.91 \chapter{Results}
                      
Not a real error.

[43




]
! Preview: Snippet 44 started.
<-><->
      
l.93 \chapter
             {Discussion}
Not a real error.

Chapter 5.
! Preview: Snippet 44 ended.(8192000+0x22609920).
<-><->
      
l.93 \chapter{Discussion}
                         
Not a real error.

[44




]
! Preview: Snippet 45 started.
<-><->
      
l.95 \begin{thebibliography}{9}
                               
Not a real error.

! Preview: Snippet 45 ended.(5242880+317047x22609920).
<-><->
      
l.95 \begin{thebibliography}{9}
                               
Not a real error.

[45

]

LaTeX Warning: Empty `thebibliography' environment on input line 97.


LaTeX Warning: There were undefined references.

 ) 
Here is how much of TeX's memory you used:
 211 strings out of 492894
 3332 string characters out of 3133752
 65843 words of memory out of 3000000
 4376 multiletter control sequences out of 15000+200000
 12653 words of font info for 45 fonts, out of 3000000 for 9000
 714 hyphenation exceptions out of 8191
 24i,10n,22p,771b,182s stack positions out of 5000i,500n,10000p,200000b,50000s
</usr/local/texlive/2010/texmf-dist/fonts/type1/public/amsfonts/cm/cmbx10.pfb
></usr/local/texlive/2010/texmf-dist/fonts/type1/public/amsfonts/cm/cmbx12.pfb>
</usr/local/texlive/2010/texmf-dist/fonts/type1/public/amsfonts/cm/cmmi10.pfb><
/usr/local/texlive/2010/texmf-dist/fonts/type1/public/amsfonts/cm/cmmi7.pfb></u
sr/local/texlive/2010/texmf-dist/fonts/type1/public/amsfonts/cm/cmr10.pfb></usr
/local/texlive/2010/texmf-dist/fonts/type1/public/amsfonts/cm/cmr7.pfb></usr/lo
cal/texlive/2010/texmf-dist/fonts/type1/public/amsfonts/cm/cmsy10.pfb></usr/loc
al/texlive/2010/texmf-dist/fonts/type1/public/amsfonts/cm/cmsy7.pfb>
Output written on _region_.pdf (45 pages, 88560 bytes).
PDF statistics:
 183 PDF objects out of 1000 (max. 8388607)
 126 compressed objects within 2 object streams
 0 named destinations out of 1000 (max. 500000)
 1 words of extra memory for PDF output out of 10000 (max. 10000000)

