\BOOKMARK [0][-]{chapter.1}{Introduction}{}% 1
\BOOKMARK [1][-]{section.1.1}{Formal Problem Statement}{chapter.1}% 2
\BOOKMARK [2][-]{subsection.1.1.1}{Single Sensor Blind Source Separation}{section.1.1}% 3
\BOOKMARK [2][-]{subsection.1.1.2}{A Linear Mixing Model}{section.1.1}% 4
\BOOKMARK [1][-]{section.1.2}{Overview}{chapter.1}% 5
\BOOKMARK [0][-]{chapter.2}{Principal Component Analysis}{}% 6
\BOOKMARK [1][-]{section.2.1}{Intuition}{chapter.2}% 7
\BOOKMARK [1][-]{section.2.2}{Formal Statement}{chapter.2}% 8
\BOOKMARK [2][-]{subsection.2.2.1}{Singular Value Decomposition}{section.2.2}% 9
\BOOKMARK [1][-]{section.2.3}{PCA Application to Blind Source Separation}{chapter.2}% 10
\BOOKMARK [0][-]{chapter.3}{Independent Component Analysis}{}% 11
\BOOKMARK [1][-]{section.3.1}{Limitations of the ICA Model}{chapter.3}% 12
\BOOKMARK [1][-]{section.3.2}{ICA in the Linear Mixing Model}{chapter.3}% 13
\BOOKMARK [2][-]{subsection.3.2.1}{Equivalent Specifications of ICA}{section.3.2}% 14
\BOOKMARK [2][-]{subsection.3.2.2}{Derivation of ICA Log Likelihood Function}{section.3.2}% 15
\BOOKMARK [2][-]{subsection.3.2.3}{Derivation of Stochastic Gradient Descent for ICA}{section.3.2}% 16
\BOOKMARK [2][-]{subsection.3.2.4}{Preprocessing}{section.3.2}% 17
\BOOKMARK [1][-]{section.3.3}{BSS by ICA}{chapter.3}% 18
\BOOKMARK [1][-]{section.3.4}{Limitations and Comparison with PCA}{chapter.3}% 19
\BOOKMARK [0][-]{chapter.4}{Single Sensor Blind Source Separation}{}% 20
\BOOKMARK [1][-]{section.4.1}{Time Frequency Signal Representation}{chapter.4}% 21
\BOOKMARK [1][-]{section.4.2}{Log Max Approximation}{chapter.4}% 22
\BOOKMARK [1][-]{section.4.3}{Latent Variable BSS}{chapter.4}% 23
\BOOKMARK [1][-]{section.4.4}{Gaussian Mixture Models}{chapter.4}% 24
\BOOKMARK [2][-]{subsection.4.4.1}{Generative Model and Estimation}{section.4.4}% 25
\BOOKMARK [2][-]{subsection.4.4.2}{Inference}{section.4.4}% 26
\BOOKMARK [1][-]{section.4.5}{Factorial Hidden Markov Model for BSS}{chapter.4}% 27
\BOOKMARK [2][-]{subsection.4.5.1}{Initialization}{section.4.5}% 28
\BOOKMARK [2][-]{subsection.4.5.2}{Separation}{section.4.5}% 29
\BOOKMARK [1][-]{section.4.6}{Results}{chapter.4}% 30
\BOOKMARK [0][-]{chapter.5}{Conclusion}{}% 31
\BOOKMARK [0][-]{appendix.A}{Literature Review}{}% 32
\BOOKMARK [1][-]{section.A.1}{Introduction}{appendix.A}% 33
\BOOKMARK [1][-]{section.A.2}{Literature Review Process}{appendix.A}% 34
\BOOKMARK [1][-]{section.A.3}{Literature Overview}{appendix.A}% 35
\BOOKMARK [2][-]{subsection.A.3.1}{Independent Component Analysis}{section.A.3}% 36
\BOOKMARK [2][-]{subsection.A.3.2}{Hidden Markov Model Decomposition of Speech and Noise}{section.A.3}% 37
\BOOKMARK [2][-]{subsection.A.3.3}{Factoral Hidden Markov Models}{section.A.3}% 38
\BOOKMARK [1][-]{section.A.4}{Conclusion}{appendix.A}% 39
\BOOKMARK [1][-]{section..1}{Research Agenda}{appendix.A}% 40
\BOOKMARK [2][-]{subsection..1.1}{Background}{section..1}% 41
\BOOKMARK [2][-]{subsection..1.2}{Research Questions}{section..1}% 42
\BOOKMARK [2][-]{subsection..1.3}{Search Strategy}{section..1}% 43
\BOOKMARK [0][-]{appendix.A}{Mathematical Concepts}{}% 44
\BOOKMARK [1][-]{section.A.1}{Linear Algebra}{appendix.A}% 45
\BOOKMARK [1][-]{section.A.2}{Statistics and Optimization}{appendix.A}% 46
\BOOKMARK [2][-]{subsection.A.2.1}{Maximum Likelihood Estimation}{section.A.2}% 47
\BOOKMARK [2][-]{subsection.A.2.2}{Mathematical Optimization}{section.A.2}% 48
\BOOKMARK [1][-]{section.A.3}{Spectral Analysis}{appendix.A}% 49
