This is pdfTeX, Version 3.1415926-2.3-1.40.12 (MiKTeX 2.9) (preloaded format=pdflatex 2012.10.28)  12 DEC 2012 06:00
entering extended mode
**main.tex
(E:\Skole\Prosjektoppgave\Prosjektoppgave-2012\Report\main.tex
LaTeX2e <2011/06/27>
Babel <v3.8m> and hyphenation patterns for english, afrikaans, ancientgreek, ar
abic, armenian, assamese, basque, bengali, bokmal, bulgarian, catalan, coptic, 
croatian, czech, danish, dutch, esperanto, estonian, farsi, finnish, french, ga
lician, german, german-x-2009-06-19, greek, gujarati, hindi, hungarian, iceland
ic, indonesian, interlingua, irish, italian, kannada, kurmanji, lao, latin, lat
vian, lithuanian, malayalam, marathi, mongolian, mongolianlmc, monogreek, ngerm
an, ngerman-x-2009-06-19, nynorsk, oriya, panjabi, pinyin, polish, portuguese, 
romanian, russian, sanskrit, serbian, slovak, slovenian, spanish, swedish, swis
sgerman, tamil, telugu, turkish, turkmen, ukenglish, ukrainian, uppersorbian, u
senglishmax, welsh, loaded.
(E:\Programmer\MiKTeX\tex\latex\base\report.cls
Document Class: report 2007/10/19 v1.4h Standard LaTeX document class
(E:\Programmer\MiKTeX\tex\latex\base\size11.clo
File: size11.clo 2007/10/19 v1.4h Standard LaTeX file (size option)
)
\c@part=\count79
\c@chapter=\count80
\c@section=\count81
\c@subsection=\count82
\c@subsubsection=\count83
\c@paragraph=\count84
\c@subparagraph=\count85
\c@figure=\count86
\c@table=\count87
\abovecaptionskip=\skip41
\belowcaptionskip=\skip42
\bibindent=\dimen102
)
(E:\Programmer\MiKTeX\tex\latex\base\inputenc.sty
Package: inputenc 2008/03/30 v1.1d Input encoding file
\inpenc@prehook=\toks14
\inpenc@posthook=\toks15

(E:\Programmer\MiKTeX\tex\latex\base\utf8.def
File: utf8.def 2008/04/05 v1.1m UTF-8 support for inputenc
Now handling font encoding OML ...
... no UTF-8 mapping file for font encoding OML
Now handling font encoding T1 ...
... processing UTF-8 mapping file for font encoding T1

(E:\Programmer\MiKTeX\tex\latex\base\t1enc.dfu
File: t1enc.dfu 2008/04/05 v1.1m UTF-8 support for inputenc
   defining Unicode char U+00A1 (decimal 161)
   defining Unicode char U+00A3 (decimal 163)
   defining Unicode char U+00AB (decimal 171)
   defining Unicode char U+00BB (decimal 187)
   defining Unicode char U+00BF (decimal 191)
   defining Unicode char U+00C0 (decimal 192)
   defining Unicode char U+00C1 (decimal 193)
   defining Unicode char U+00C2 (decimal 194)
   defining Unicode char U+00C3 (decimal 195)
   defining Unicode char U+00C4 (decimal 196)
   defining Unicode char U+00C5 (decimal 197)
   defining Unicode char U+00C6 (decimal 198)
   defining Unicode char U+00C7 (decimal 199)
   defining Unicode char U+00C8 (decimal 200)
   defining Unicode char U+00C9 (decimal 201)
   defining Unicode char U+00CA (decimal 202)
   defining Unicode char U+00CB (decimal 203)
   defining Unicode char U+00CC (decimal 204)
   defining Unicode char U+00CD (decimal 205)
   defining Unicode char U+00CE (decimal 206)
   defining Unicode char U+00CF (decimal 207)
   defining Unicode char U+00D0 (decimal 208)
   defining Unicode char U+00D1 (decimal 209)
   defining Unicode char U+00D2 (decimal 210)
   defining Unicode char U+00D3 (decimal 211)
   defining Unicode char U+00D4 (decimal 212)
   defining Unicode char U+00D5 (decimal 213)
   defining Unicode char U+00D6 (decimal 214)
   defining Unicode char U+00D8 (decimal 216)
   defining Unicode char U+00D9 (decimal 217)
   defining Unicode char U+00DA (decimal 218)
   defining Unicode char U+00DB (decimal 219)
   defining Unicode char U+00DC (decimal 220)
   defining Unicode char U+00DD (decimal 221)
   defining Unicode char U+00DE (decimal 222)
   defining Unicode char U+00DF (decimal 223)
   defining Unicode char U+00E0 (decimal 224)
   defining Unicode char U+00E1 (decimal 225)
   defining Unicode char U+00E2 (decimal 226)
   defining Unicode char U+00E3 (decimal 227)
   defining Unicode char U+00E4 (decimal 228)
   defining Unicode char U+00E5 (decimal 229)
   defining Unicode char U+00E6 (decimal 230)
   defining Unicode char U+00E7 (decimal 231)
   defining Unicode char U+00E8 (decimal 232)
   defining Unicode char U+00E9 (decimal 233)
   defining Unicode char U+00EA (decimal 234)
   defining Unicode char U+00EB (decimal 235)
   defining Unicode char U+00EC (decimal 236)
   defining Unicode char U+00ED (decimal 237)
   defining Unicode char U+00EE (decimal 238)
   defining Unicode char U+00EF (decimal 239)
   defining Unicode char U+00F0 (decimal 240)
   defining Unicode char U+00F1 (decimal 241)
   defining Unicode char U+00F2 (decimal 242)
   defining Unicode char U+00F3 (decimal 243)
   defining Unicode char U+00F4 (decimal 244)
   defining Unicode char U+00F5 (decimal 245)
   defining Unicode char U+00F6 (decimal 246)
   defining Unicode char U+00F8 (decimal 248)
   defining Unicode char U+00F9 (decimal 249)
   defining Unicode char U+00FA (decimal 250)
   defining Unicode char U+00FB (decimal 251)
   defining Unicode char U+00FC (decimal 252)
   defining Unicode char U+00FD (decimal 253)
   defining Unicode char U+00FE (decimal 254)
   defining Unicode char U+00FF (decimal 255)
   defining Unicode char U+0102 (decimal 258)
   defining Unicode char U+0103 (decimal 259)
   defining Unicode char U+0104 (decimal 260)
   defining Unicode char U+0105 (decimal 261)
   defining Unicode char U+0106 (decimal 262)
   defining Unicode char U+0107 (decimal 263)
   defining Unicode char U+010C (decimal 268)
   defining Unicode char U+010D (decimal 269)
   defining Unicode char U+010E (decimal 270)
   defining Unicode char U+010F (decimal 271)
   defining Unicode char U+0110 (decimal 272)
   defining Unicode char U+0111 (decimal 273)
   defining Unicode char U+0118 (decimal 280)
   defining Unicode char U+0119 (decimal 281)
   defining Unicode char U+011A (decimal 282)
   defining Unicode char U+011B (decimal 283)
   defining Unicode char U+011E (decimal 286)
   defining Unicode char U+011F (decimal 287)
   defining Unicode char U+0130 (decimal 304)
   defining Unicode char U+0131 (decimal 305)
   defining Unicode char U+0132 (decimal 306)
   defining Unicode char U+0133 (decimal 307)
   defining Unicode char U+0139 (decimal 313)
   defining Unicode char U+013A (decimal 314)
   defining Unicode char U+013D (decimal 317)
   defining Unicode char U+013E (decimal 318)
   defining Unicode char U+0141 (decimal 321)
   defining Unicode char U+0142 (decimal 322)
   defining Unicode char U+0143 (decimal 323)
   defining Unicode char U+0144 (decimal 324)
   defining Unicode char U+0147 (decimal 327)
   defining Unicode char U+0148 (decimal 328)
   defining Unicode char U+014A (decimal 330)
   defining Unicode char U+014B (decimal 331)
   defining Unicode char U+0150 (decimal 336)
   defining Unicode char U+0151 (decimal 337)
   defining Unicode char U+0152 (decimal 338)
   defining Unicode char U+0153 (decimal 339)
   defining Unicode char U+0154 (decimal 340)
   defining Unicode char U+0155 (decimal 341)
   defining Unicode char U+0158 (decimal 344)
   defining Unicode char U+0159 (decimal 345)
   defining Unicode char U+015A (decimal 346)
   defining Unicode char U+015B (decimal 347)
   defining Unicode char U+015E (decimal 350)
   defining Unicode char U+015F (decimal 351)
   defining Unicode char U+0160 (decimal 352)
   defining Unicode char U+0161 (decimal 353)
   defining Unicode char U+0162 (decimal 354)
   defining Unicode char U+0163 (decimal 355)
   defining Unicode char U+0164 (decimal 356)
   defining Unicode char U+0165 (decimal 357)
   defining Unicode char U+016E (decimal 366)
   defining Unicode char U+016F (decimal 367)
   defining Unicode char U+0170 (decimal 368)
   defining Unicode char U+0171 (decimal 369)
   defining Unicode char U+0178 (decimal 376)
   defining Unicode char U+0179 (decimal 377)
   defining Unicode char U+017A (decimal 378)
   defining Unicode char U+017B (decimal 379)
   defining Unicode char U+017C (decimal 380)
   defining Unicode char U+017D (decimal 381)
   defining Unicode char U+017E (decimal 382)
   defining Unicode char U+200C (decimal 8204)
   defining Unicode char U+2013 (decimal 8211)
   defining Unicode char U+2014 (decimal 8212)
   defining Unicode char U+2018 (decimal 8216)
   defining Unicode char U+2019 (decimal 8217)
   defining Unicode char U+201A (decimal 8218)
   defining Unicode char U+201C (decimal 8220)
   defining Unicode char U+201D (decimal 8221)
   defining Unicode char U+201E (decimal 8222)
   defining Unicode char U+2030 (decimal 8240)
   defining Unicode char U+2031 (decimal 8241)
   defining Unicode char U+2039 (decimal 8249)
   defining Unicode char U+203A (decimal 8250)
   defining Unicode char U+2423 (decimal 9251)
)
Now handling font encoding OT1 ...
... processing UTF-8 mapping file for font encoding OT1

(E:\Programmer\MiKTeX\tex\latex\base\ot1enc.dfu
File: ot1enc.dfu 2008/04/05 v1.1m UTF-8 support for inputenc
   defining Unicode char U+00A1 (decimal 161)
   defining Unicode char U+00A3 (decimal 163)
   defining Unicode char U+00B8 (decimal 184)
   defining Unicode char U+00BF (decimal 191)
   defining Unicode char U+00C5 (decimal 197)
   defining Unicode char U+00C6 (decimal 198)
   defining Unicode char U+00D8 (decimal 216)
   defining Unicode char U+00DF (decimal 223)
   defining Unicode char U+00E6 (decimal 230)
   defining Unicode char U+00EC (decimal 236)
   defining Unicode char U+00ED (decimal 237)
   defining Unicode char U+00EE (decimal 238)
   defining Unicode char U+00EF (decimal 239)
   defining Unicode char U+00F8 (decimal 248)
   defining Unicode char U+0131 (decimal 305)
   defining Unicode char U+0141 (decimal 321)
   defining Unicode char U+0142 (decimal 322)
   defining Unicode char U+0152 (decimal 338)
   defining Unicode char U+0153 (decimal 339)
   defining Unicode char U+2013 (decimal 8211)
   defining Unicode char U+2014 (decimal 8212)
   defining Unicode char U+2018 (decimal 8216)
   defining Unicode char U+2019 (decimal 8217)
   defining Unicode char U+201C (decimal 8220)
   defining Unicode char U+201D (decimal 8221)
)
Now handling font encoding OMS ...
... processing UTF-8 mapping file for font encoding OMS

(E:\Programmer\MiKTeX\tex\latex\base\omsenc.dfu
File: omsenc.dfu 2008/04/05 v1.1m UTF-8 support for inputenc
   defining Unicode char U+00A7 (decimal 167)
   defining Unicode char U+00B6 (decimal 182)
   defining Unicode char U+00B7 (decimal 183)
   defining Unicode char U+2020 (decimal 8224)
   defining Unicode char U+2021 (decimal 8225)
   defining Unicode char U+2022 (decimal 8226)
)
Now handling font encoding OMX ...
... no UTF-8 mapping file for font encoding OMX
Now handling font encoding U ...
... no UTF-8 mapping file for font encoding U
   defining Unicode char U+00A9 (decimal 169)
   defining Unicode char U+00AA (decimal 170)
   defining Unicode char U+00AE (decimal 174)
   defining Unicode char U+00BA (decimal 186)
   defining Unicode char U+02C6 (decimal 710)
   defining Unicode char U+02DC (decimal 732)
   defining Unicode char U+200C (decimal 8204)
   defining Unicode char U+2026 (decimal 8230)
   defining Unicode char U+2122 (decimal 8482)
   defining Unicode char U+2423 (decimal 9251)
))
(E:\Programmer\MiKTeX\tex\latex\ams\math\amsmath.sty
Package: amsmath 2000/07/18 v2.13 AMS math features
\@mathmargin=\skip43

For additional information on amsmath, use the `?' option.
(E:\Programmer\MiKTeX\tex\latex\ams\math\amstext.sty
Package: amstext 2000/06/29 v2.01

(E:\Programmer\MiKTeX\tex\latex\ams\math\amsgen.sty
File: amsgen.sty 1999/11/30 v2.0
\@emptytoks=\toks16
\ex@=\dimen103
))
(E:\Programmer\MiKTeX\tex\latex\ams\math\amsbsy.sty
Package: amsbsy 1999/11/29 v1.2d
\pmbraise@=\dimen104
)
(E:\Programmer\MiKTeX\tex\latex\ams\math\amsopn.sty
Package: amsopn 1999/12/14 v2.01 operator names
)
\inf@bad=\count88
LaTeX Info: Redefining \frac on input line 211.
\uproot@=\count89
\leftroot@=\count90
LaTeX Info: Redefining \overline on input line 307.
\classnum@=\count91
\DOTSCASE@=\count92
LaTeX Info: Redefining \ldots on input line 379.
LaTeX Info: Redefining \dots on input line 382.
LaTeX Info: Redefining \cdots on input line 467.
\Mathstrutbox@=\box26
\strutbox@=\box27
\big@size=\dimen105
LaTeX Font Info:    Redeclaring font encoding OML on input line 567.
LaTeX Font Info:    Redeclaring font encoding OMS on input line 568.
\macc@depth=\count93
\c@MaxMatrixCols=\count94
\dotsspace@=\muskip10
\c@parentequation=\count95
\dspbrk@lvl=\count96
\tag@help=\toks17
\row@=\count97
\column@=\count98
\maxfields@=\count99
\andhelp@=\toks18
\eqnshift@=\dimen106
\alignsep@=\dimen107
\tagshift@=\dimen108
\tagwidth@=\dimen109
\totwidth@=\dimen110
\lineht@=\dimen111
\@envbody=\toks19
\multlinegap=\skip44
\multlinetaggap=\skip45
\mathdisplay@stack=\toks20
LaTeX Info: Redefining \[ on input line 2666.
LaTeX Info: Redefining \] on input line 2667.
)
(E:\Programmer\MiKTeX\tex\latex\amsfonts\amssymb.sty
Package: amssymb 2009/06/22 v3.00

(E:\Programmer\MiKTeX\tex\latex\amsfonts\amsfonts.sty
Package: amsfonts 2009/06/22 v3.00 Basic AMSFonts support
\symAMSa=\mathgroup4
\symAMSb=\mathgroup5
LaTeX Font Info:    Overwriting math alphabet `\mathfrak' in version `bold'
(Font)                  U/euf/m/n --> U/euf/b/n on input line 96.
))
(E:\Programmer\MiKTeX\tex\latex\ams\classes\amsthm.sty
Package: amsthm 2004/08/06 v2.20
\thm@style=\toks21
\thm@bodyfont=\toks22
\thm@headfont=\toks23
\thm@notefont=\toks24
\thm@headpunct=\toks25
\thm@preskip=\skip46
\thm@postskip=\skip47
\thm@headsep=\skip48
\dth@everypar=\toks26
)
(E:\Programmer\MiKTeX\tex\latex\hyperref\hyperref.sty
Package: hyperref 2012/05/13 v6.82q Hypertext links for LaTeX

(E:\Programmer\MiKTeX\tex\generic\oberdiek\hobsub-hyperref.sty
Package: hobsub-hyperref 2012/04/25 v1.12 Bundle oberdiek, subset hyperref (HO)


(E:\Programmer\MiKTeX\tex\generic\oberdiek\hobsub-generic.sty
Package: hobsub-generic 2012/04/25 v1.12 Bundle oberdiek, subset generic (HO)
Package: hobsub 2012/04/25 v1.12 Construct package bundles (HO)
Package: infwarerr 2010/04/08 v1.3 Providing info/warning/error messages (HO)
Package: ltxcmds 2011/11/09 v1.22 LaTeX kernel commands for general use (HO)
Package: ifluatex 2010/03/01 v1.3 Provides the ifluatex switch (HO)
Package ifluatex Info: LuaTeX not detected.
Package: ifvtex 2010/03/01 v1.5 Detect VTeX and its facilities (HO)
Package ifvtex Info: VTeX not detected.
Package: intcalc 2007/09/27 v1.1 Expandable calculations with integers (HO)
Package: ifpdf 2011/01/30 v2.3 Provides the ifpdf switch (HO)
Package ifpdf Info: pdfTeX in PDF mode is detected.
Package: etexcmds 2011/02/16 v1.5 Avoid name clashes with e-TeX commands (HO)
Package etexcmds Info: Could not find \expanded.
(etexcmds)             That can mean that you are not using pdfTeX 1.50 or
(etexcmds)             that some package has redefined \expanded.
(etexcmds)             In the latter case, load this package earlier.
Package: kvsetkeys 2012/04/25 v1.16 Key value parser (HO)
Package: kvdefinekeys 2011/04/07 v1.3 Define keys (HO)
Package: pdftexcmds 2011/11/29 v0.20 Utility functions of pdfTeX for LuaTeX (HO
)
Package pdftexcmds Info: LuaTeX not detected.
Package pdftexcmds Info: \pdf@primitive is available.
Package pdftexcmds Info: \pdf@ifprimitive is available.
Package pdftexcmds Info: \pdfdraftmode found.
Package: pdfescape 2011/11/25 v1.13 Implements pdfTeX's escape features (HO)
Package: bigintcalc 2012/04/08 v1.3 Expandable calculations on big integers (HO
)
Package: bitset 2011/01/30 v1.1 Handle bit-vector datatype (HO)
Package: uniquecounter 2011/01/30 v1.2 Provide unlimited unique counter (HO)
)
Package hobsub Info: Skipping package `hobsub' (already loaded).
Package: letltxmacro 2010/09/02 v1.4 Let assignment for LaTeX macros (HO)
Package: hopatch 2011/06/24 v1.1 Wrapper for package hooks (HO)
Package: xcolor-patch 2011/01/30 xcolor patch
Package: atveryend 2011/06/30 v1.8 Hooks at the very end of document (HO)
Package atveryend Info: \enddocument detected (standard20110627).
Package: atbegshi 2011/10/05 v1.16 At begin shipout hook (HO)
Package: refcount 2011/10/16 v3.4 Data extraction from label references (HO)
Package: hycolor 2011/01/30 v1.7 Color options for hyperref/bookmark (HO)
)
(E:\Programmer\MiKTeX\tex\latex\graphics\keyval.sty
Package: keyval 1999/03/16 v1.13 key=value parser (DPC)
\KV@toks@=\toks27
)
(E:\Programmer\MiKTeX\tex\generic\ifxetex\ifxetex.sty
Package: ifxetex 2010/09/12 v0.6 Provides ifxetex conditional
)
(E:\Programmer\MiKTeX\tex\latex\oberdiek\kvoptions.sty
Package: kvoptions 2011/06/30 v3.11 Key value format for package options (HO)
)
\@linkdim=\dimen112
\Hy@linkcounter=\count100
\Hy@pagecounter=\count101

(E:\Programmer\MiKTeX\tex\latex\hyperref\pd1enc.def
File: pd1enc.def 2012/05/13 v6.82q Hyperref: PDFDocEncoding definition (HO)
Now handling font encoding PD1 ...
... no UTF-8 mapping file for font encoding PD1
)
\Hy@SavedSpaceFactor=\count102

(E:\Programmer\MiKTeX\tex\latex\00miktex\hyperref.cfg
File: hyperref.cfg 2002/06/06 v1.2 hyperref configuration of TeXLive
)
Package hyperref Info: Hyper figures OFF on input line 4062.
Package hyperref Info: Link nesting OFF on input line 4067.
Package hyperref Info: Hyper index ON on input line 4070.
Package hyperref Info: Plain pages OFF on input line 4077.
Package hyperref Info: Backreferencing OFF on input line 4082.
Package hyperref Info: Implicit mode ON; LaTeX internals redefined.
Package hyperref Info: Bookmarks ON on input line 4300.
\c@Hy@tempcnt=\count103

(E:\Programmer\MiKTeX\tex\latex\ltxmisc\url.sty
\Urlmuskip=\muskip11
Package: url 2006/04/12  ver 3.3  Verb mode for urls, etc.
)
LaTeX Info: Redefining \url on input line 4653.
\Fld@menulength=\count104
\Field@Width=\dimen113
\Fld@charsize=\dimen114
Package hyperref Info: Hyper figures OFF on input line 5773.
Package hyperref Info: Link nesting OFF on input line 5778.
Package hyperref Info: Hyper index ON on input line 5781.
Package hyperref Info: backreferencing OFF on input line 5788.
Package hyperref Info: Link coloring OFF on input line 5793.
Package hyperref Info: Link coloring with OCG OFF on input line 5798.
Package hyperref Info: PDF/A mode OFF on input line 5803.
LaTeX Info: Redefining \ref on input line 5843.
LaTeX Info: Redefining \pageref on input line 5847.
\Hy@abspage=\count105
\c@Item=\count106
\c@Hfootnote=\count107
)

Package hyperref Message: Driver (autodetected): hpdftex.

(E:\Programmer\MiKTeX\tex\latex\hyperref\hpdftex.def
File: hpdftex.def 2012/05/13 v6.82q Hyperref driver for pdfTeX
\Fld@listcount=\count108
\c@bookmark@seq@number=\count109

(E:\Programmer\MiKTeX\tex\latex\oberdiek\rerunfilecheck.sty
Package: rerunfilecheck 2011/04/15 v1.7 Rerun checks for auxiliary files (HO)
Package uniquecounter Info: New unique counter `rerunfilecheck' on input line 2
82.
)
\Hy@SectionHShift=\skip49
)
(E:\Programmer\MiKTeX\tex\latex\graphics\color.sty
Package: color 2005/11/14 v1.0j Standard LaTeX Color (DPC)

(E:\Programmer\MiKTeX\tex\latex\00miktex\color.cfg
File: color.cfg 2007/01/18 v1.5 color configuration of teTeX/TeXLive
)
Package color Info: Driver file: pdftex.def on input line 130.

(E:\Programmer\MiKTeX\tex\latex\pdftex-def\pdftex.def
File: pdftex.def 2011/05/27 v0.06d Graphics/color for pdfTeX
\Gread@gobject=\count110
))
(E:\Programmer\MiKTeX\tex\latex\listings\listings.sty
\lst@mode=\count111
\lst@gtempboxa=\box28
\lst@token=\toks28
\lst@length=\count112
\lst@currlwidth=\dimen115
\lst@column=\count113
\lst@pos=\count114
\lst@lostspace=\dimen116
\lst@width=\dimen117
\lst@newlines=\count115
\lst@lineno=\count116
\lst@maxwidth=\dimen118

(E:\Programmer\MiKTeX\tex\latex\listings\lstmisc.sty
File: lstmisc.sty 2007/02/22 1.4 (Carsten Heinz)
\c@lstnumber=\count117
\lst@skipnumbers=\count118
\lst@framebox=\box29
)
(E:\Programmer\MiKTeX\tex\latex\listings\listings.cfg
File: listings.cfg 2007/02/22 1.4 listings configuration
))
Package: listings 2007/02/22 1.4 (Carsten Heinz)

(E:\Programmer\MiKTeX\tex\latex\graphics\graphicx.sty
Package: graphicx 1999/02/16 v1.0f Enhanced LaTeX Graphics (DPC,SPQR)

(E:\Programmer\MiKTeX\tex\latex\graphics\graphics.sty
Package: graphics 2009/02/05 v1.0o Standard LaTeX Graphics (DPC,SPQR)

(E:\Programmer\MiKTeX\tex\latex\graphics\trig.sty
Package: trig 1999/03/16 v1.09 sin cos tan (DPC)
)
(E:\Programmer\MiKTeX\tex\latex\00miktex\graphics.cfg
File: graphics.cfg 2007/01/18 v1.5 graphics configuration of teTeX/TeXLive
)
Package graphics Info: Driver file: pdftex.def on input line 91.
)
\Gin@req@height=\dimen119
\Gin@req@width=\dimen120
)
(E:\Programmer\MiKTeX\tex\latex\caption\caption.sty
Package: caption 2012/02/19 v3.2f Customizing captions (AR)

(E:\Programmer\MiKTeX\tex\latex\caption\caption3.sty
Package: caption3 2012/01/12 v1.4b caption3 kernel (AR)
\captionmargin=\dimen121
\captionmargin@=\dimen122
\captionwidth=\dimen123
\caption@indent=\dimen124
\caption@parindent=\dimen125
\caption@hangindent=\dimen126
)
\c@ContinuedFloat=\count119
Package caption Info: hyperref package is loaded.
Package caption Info: listings package is loaded.
)
(E:\Programmer\MiKTeX\tex\latex\caption\subcaption.sty
Package: subcaption 2012/01/12 v1.1d Sub-captions (AR)
\c@subfigure=\count120
\c@subtable=\count121
)
(E:\Programmer\MiKTeX\tex\latex\minitoc\minitoc.sty
Package: minitoc 2008/07/16 v60 Package minitoc (JPFD)

(E:\Programmer\MiKTeX\tex\latex\minitoc\mtcmess.sty
Package: mtcmess 2006/03/14
)
Package minitoc Info: I0001
(minitoc)             *** minitoc package, version 60 ***.
\tf@mtc=\write3
\mtcindent=\skip50
\mtcskipamount=\skip51
Package minitoc Info: I0005
(minitoc)             compatible with hyperref.
Package minitoc Info: I0023
(minitoc)             part level macros available.
Package minitoc Info: I0003
(minitoc)             chapter level macros available.
\mtc@toks=\toks29
\mtc@strutbox=\box30
\mtc@hstrutbox=\box31
Package minitoc Info: I0002
(minitoc)             Autoconfiguration of extensions.

(E:\Skole\Prosjektoppgave\Prosjektoppgave-2012\Report\main.mtc0)
Package minitoc Info: I0012
(minitoc)             Long extensions (Unix-like) will be used.
Package minitoc Info: I0031
(minitoc)             ==> this version is configured for UNIX-like 
(minitoc)                 (long extensions) file names.
\c@mtc=\count122
\c@minitocdepth=\count123
\c@ptc=\count124
\c@parttocdepth=\count125
\ptcindent=\skip52
Package minitoc Info: I0010
(minitoc)             The english language is selected.
(minitoc)              on input line 4910.

(E:\Programmer\MiKTeX\tex\latex\minitoc\english.mld
File: english.mld 2006/01/13
)
(E:\Programmer\MiKTeX\tex\latex\minitoc\english.mld
File: english.mld 2006/01/13
))
(E:\Skole\Prosjektoppgave\Prosjektoppgave-2012\Report\main.aux

LaTeX Warning: Label `pca_time_series' multiply defined.

)
LaTeX Font Info:    Checking defaults for OML/cmm/m/it on input line 39.
LaTeX Font Info:    ... okay on input line 39.
LaTeX Font Info:    Checking defaults for T1/cmr/m/n on input line 39.
LaTeX Font Info:    ... okay on input line 39.
LaTeX Font Info:    Checking defaults for OT1/cmr/m/n on input line 39.
LaTeX Font Info:    ... okay on input line 39.
LaTeX Font Info:    Checking defaults for OMS/cmsy/m/n on input line 39.
LaTeX Font Info:    ... okay on input line 39.
LaTeX Font Info:    Checking defaults for OMX/cmex/m/n on input line 39.
LaTeX Font Info:    ... okay on input line 39.
LaTeX Font Info:    Checking defaults for U/cmr/m/n on input line 39.
LaTeX Font Info:    ... okay on input line 39.
LaTeX Font Info:    Checking defaults for PD1/pdf/m/n on input line 39.
LaTeX Font Info:    ... okay on input line 39.
\AtBeginShipoutBox=\box32
Package hyperref Info: Link coloring OFF on input line 39.
 (E:\Programmer\MiKTeX\tex\latex\hyperref\nameref.sty
Package: nameref 2010/04/30 v2.40 Cross-referencing by name of section

(E:\Programmer\MiKTeX\tex\generic\oberdiek\gettitlestring.sty
Package: gettitlestring 2010/12/03 v1.4 Cleanup title references (HO)
)
\c@section@level=\count126
)
LaTeX Info: Redefining \ref on input line 39.
LaTeX Info: Redefining \pageref on input line 39.
LaTeX Info: Redefining \nameref on input line 39.

(E:\Skole\Prosjektoppgave\Prosjektoppgave-2012\Report\main.out)
(E:\Skole\Prosjektoppgave\Prosjektoppgave-2012\Report\main.out)
\@outlinefile=\write4

(E:\Programmer\MiKTeX\tex\context\base\supp-pdf.mkii
[Loading MPS to PDF converter (version 2006.09.02).]
\scratchcounter=\count127
\scratchdimen=\dimen127
\scratchbox=\box33
\nofMPsegments=\count128
\nofMParguments=\count129
\everyMPshowfont=\toks30
\MPscratchCnt=\count130
\MPscratchDim=\dimen128
\MPnumerator=\count131
\makeMPintoPDFobject=\count132
\everyMPtoPDFconversion=\toks31
)
\c@lstlisting=\count133
Package caption Info: Begin \AtBeginDocument code.
Package caption Info: End \AtBeginDocument code.
Package minitoc(hints) Info: I0049
(minitoc(hints))             ==> You requested the hints option. 
(minitoc(hints))             Some hints are eventually given below.


Package minitoc(hints) Warning: W0030
(minitoc(hints))                --- The \part command is altered 
(minitoc(hints))                after minitoc.


Package minitoc(hints) Warning: W0023
(minitoc(hints))                --- It may be the consequence 
(minitoc(hints))                of loading the ``hyperref'' package.


Package minitoc(hints) Warning: W0028
(minitoc(hints))                --- The \chapter command is altered 
(minitoc(hints))                after minitoc.


Package minitoc(hints) Warning: W0023
(minitoc(hints))                --- It may be the consequence 
(minitoc(hints))                of loading the ``hyperref'' package.

(E:\Programmer\MiKTeX\tex\latex\listings\lstlang1.sty
File: lstlang1.sty 2004/09/05 1.3 listings language file
)

! LaTeX Error: Can be used only in preamble.

See the LaTeX manual or LaTeX Companion for explanation.
Type  H <return>  for immediate help.
 ...                                              
                                                  
l.58 \begin{document}
                     
? 

Underfull \hbox (badness 10000) in paragraph at lines 71--72

 []

<Figures/Ntnu-logo.png, id=187, 669.50125pt x 239.89626pt>
File: Figures/Ntnu-logo.png Graphic file (type png)

<use Figures/Ntnu-logo.png>
Package pdftex.def Info: Figures/Ntnu-logo.png used on input line 75.
(pdftex.def)             Requested size: 113.81102pt x 40.77815pt.
 [1

{C:/ProgramData/MiKTeX/2.9/pdftex/config/pdftex.map} <E:/Skole/Prosjektoppgave/
Prosjektoppgave-2012/Report/Figures/Ntnu-logo.png>]pdfTeX warning (ext4): desti
nation with the same identifier (name{page.1}) has been already used, duplicate
 ignored
<to be read again> 
                   \relax 
l.84 \end{abstract}
                    [1]
(E:\Skole\Prosjektoppgave\Prosjektoppgave-2012\Report\main.toc
LaTeX Font Info:    Try loading font information for U+msa on input line 2.

(E:\Programmer\MiKTeX\tex\latex\amsfonts\umsa.fd
File: umsa.fd 2009/06/22 v3.00 AMS symbols A
)
LaTeX Font Info:    Try loading font information for U+msb on input line 2.

(E:\Programmer\MiKTeX\tex\latex\amsfonts\umsb.fd
File: umsb.fd 2009/06/22 v3.00 AMS symbols B
)pdfTeX warning (ext4): destination with the same identifier (name{page.1}) has
 been already used, duplicate ignored
<to be read again> 
                   \relax 
l.29 ... Mutual Information}{28}{subsection.4.1.2}
                                                   [1

])
\tf@toc=\write5
 [2]
(E:\Skole\Prosjektoppgave\Prosjektoppgave-2012\Report\main.lof)
\tf@lof=\write6
 [3

] [4]
Chapter 1.
[5

] [6] [7] [8]
Chapter 2.
<Figures/ica_simple.png, id=363, 1497.595pt x 803.803pt>
File: Figures/ica_simple.png Graphic file (type png)

<use Figures/ica_simple.png>
Package pdftex.def Info: Figures/ica_simple.png used on input line 284.
(pdftex.def)             Requested size: 323.9978pt x 173.8936pt.
 [9

] [10 <E:/Skole/Prosjektoppgave/Prosjektoppgave-2012/Report/Figures/ica_simple.
png (PNG copy)>]
LaTeX Font Info:    Try loading font information for OMS+cmr on input line 343.


(E:\Programmer\MiKTeX\tex\latex\base\omscmr.fd
File: omscmr.fd 1999/05/25 v2.5h Standard LaTeX font definitions
)
LaTeX Font Info:    Font shape `OMS/cmr/m/n' in size <10.95> not available
(Font)              Font shape `OMS/cmsy/m/n' tried instead on input line 343.
 [11]
Overfull \hbox (80.31306pt too wide) in paragraph at lines 388--397
 [][] 
 []


LaTeX Warning: `h' float specifier changed to `ht'.

[12]

LaTeX Warning: Reference `tab:2.2' on page 13 undefined on input line 407.


Underfull \hbox (badness 10000) in paragraph at lines 415--415
[]\OT1/cmr/m/n/10.95 Bell, A.J. and Se-
 []


Underfull \hbox (badness 10000) in paragraph at lines 421--421
[]\OT1/cmr/m/n/10.95 Davies, M.E. and
 []


Underfull \hbox (badness 10000) in paragraph at lines 422--422
[]\OT1/cmr/m/n/10.95 Multidimensional In-de-pen-dent
 []


Underfull \hbox (badness 4582) in paragraph at lines 423--423
[]\OT1/cmr/m/n/10.95 Source Sep-a-ra-tion From Single-
 []


Underfull \hbox (badness 3229) in paragraph at lines 423--423
\OT1/cmr/m/n/10.95 Glig-ori-je-vic, I., Tael-
 []


Overfull \hbox (17.43304pt too wide) in paragraph at lines 411--427
[][] 
 []

[13] [14]
Overfull \hbox (70.99615pt too wide) detected at line 539
[][]
 []

[15pdfTeX warning (ext4): destination with the same identifier (name{Hfootnote.
8}) has been already used, duplicate ignored

\AtBegShi@Output ...ipout \box \AtBeginShipoutBox 
                                                  \fi \fi 
l.557 
      ] <Figures/hmm.jpg, id=461, 490.83376pt x 236.38312pt>
File: Figures/hmm.jpg Graphic file (type jpg)

<use Figures/hmm.jpg>
Package pdftex.def Info: Figures/hmm.jpg used on input line 561.
(pdftex.def)             Requested size: 323.9978pt x 156.03857pt.
 <Figures/f_hmm.png, id=463, 510.40688pt x 328.97906pt>
File: Figures/f_hmm.png Graphic file (type png)

<use Figures/f_hmm.png>
Package pdftex.def Info: Figures/f_hmm.png used on input line 574.
(pdftex.def)             Requested size: 323.9978pt x 208.83914pt.


LaTeX Warning: `h' float specifier changed to `ht'.

[16 <E:/Skole/Prosjektoppgave/Prosjektoppgave-2012/Report/Figures/hmm.jpg>]
[17 <E:/Skole/Prosjektoppgave/Prosjektoppgave-2012/Report/Figures/f_hmm.png>]
[18]
Chapter 3.

Overfull \hbox (22.06299pt too wide) in paragraph at lines 615--623
\OT1/cmr/m/n/10.95 Principal com-po-nent anal-y-sis [[]] (PCA) is a eigenvector
-based, non-probabilistic
 []

[19

] <Figures/pca1.png, id=502, 449.5194pt x 338.2236pt>
File: Figures/pca1.png Graphic file (type png)

<use Figures/pca1.png>
Package pdftex.def Info: Figures/pca1.png used on input line 675.
(pdftex.def)             Requested size: 323.9978pt x 243.78917pt.
 <Figures/pca2.png, id=504, 449.5194pt x 338.2236pt>
File: Figures/pca2.png Graphic file (type png)

<use Figures/pca2.png>
Package pdftex.def Info: Figures/pca2.png used on input line 706.
(pdftex.def)             Requested size: 323.9978pt x 243.78917pt.
 [20] [21 <E:/Skole/Prosjektoppgave/Prosjektoppgave-2012/Report/Figures/pca1.pn
g> <E:/Skole/Prosjektoppgave/Prosjektoppgave-2012/Report/Figures/pca2.png>] [22
] [23]

Package caption Warning: \label without proper \caption on input line 874.
See the caption package documentation for explanation.


LaTeX Warning: Reference `pca_project' on page 24 undefined on input line 851.

<Figures/pca_signal_time_series.png, id=547, 449.68pt x 337.26pt>
File: Figures/pca_signal_time_series.png Graphic file (type png)

<use Figures/pca_signal_time_series.png>
Package pdftex.def Info: Figures/pca_signal_time_series.png used on input line 
860.
(pdftex.def)             Requested size: 323.9978pt x 243.00713pt.

<Figures/pca_data_eigs.png, id=548, 449.68pt x 337.26pt>
File: Figures/pca_data_eigs.png Graphic file (type png)

<use Figures/pca_data_eigs.png>
Package pdftex.def Info: Figures/pca_data_eigs.png used on input line 869.
(pdftex.def)             Requested size: 323.9978pt x 243.00713pt.

<Figures/pca_eig_projection.png, id=549, 449.68pt x 337.26pt>
File: Figures/pca_eig_projection.png Graphic file (type png)

<use Figures/pca_eig_projection.png>
Package pdftex.def Info: Figures/pca_eig_projection.png used on input line 877.

(pdftex.def)             Requested size: 323.9978pt x 243.00713pt.
 [24 <E:/Skole/Prosjektoppgave/Prosjektoppgave-2012/Report/Figures/pca_signal_t
ime_series.png (PNG copy)>] [25 <E:/Skole/Prosjektoppgave/Prosjektoppgave-2012/
Report/Figures/pca_data_eigs.png (PNG copy)> <E:/Skole/Prosjektoppgave/Prosjekt
oppgave-2012/Report/Figures/pca_eig_projection.png (PNG copy)>]
Chapter 4.
[26

]
Overfull \hbox (3.37813pt too wide) in paragraph at lines 948--955
[]\OT1/cmr/m/n/10.95 We now rely on the fol-low-ing prop-erty of kur-to-sis $\O
ML/cmm/m/it/10.95 \OT1/cmr/m/n/10.95 (\OML/cmm/m/it/10.95 ax[] \OT1/cmr/m/n/10
.95 + \OML/cmm/m/it/10.95 bx[]\OT1/cmr/m/n/10.95 ) = \OML/cmm/m/it/10.95 a[]\O
T1/cmr/m/n/10.95 (\OML/cmm/m/it/10.95 x[]\OT1/cmr/m/n/10.95 ) +$
 []

[27] [28] [29]

Package caption Warning: \label without proper \caption on input line 1168.
See the caption package documentation for explanation.


LaTeX Warning: Reference `ica_listing' on page 30 undefined on input line 1142.


[30] [31]
Overfull \hbox (13.54338pt too wide) in paragraph at lines 1192--1193
[]\OT1/cmr/m/n/10.95 For a more so-phis-ti-cated ICA al-go-rithm, we re-fer to 
Hy-vari-nen's FastICA[[]]. 
 []


Package caption Warning: \label without proper \caption on input line 1209.
See the caption package documentation for explanation.


LaTeX Warning: Reference `ica_fig1' on page 32 undefined on input line 1201.


Package caption Warning: \label without proper \caption on input line 1218.
See the caption package documentation for explanation.


LaTeX Warning: Reference `ica_fig2' on page 32 undefined on input line 1203.

File: Figures/ica_simple.png Graphic file (type png)
<use Figures/ica_simple.png>
Package pdftex.def Info: Figures/ica_simple.png used on input line 1212.
(pdftex.def)             Requested size: 323.9978pt x 173.8936pt.

<Figures/ica_music_speech.png, id=647, 1497.595pt x 803.803pt>
File: Figures/ica_music_speech.png Graphic file (type png)

<use Figures/ica_music_speech.png>
Package pdftex.def Info: Figures/ica_music_speech.png used on input line 1221.
(pdftex.def)             Requested size: 323.9978pt x 173.8936pt.
 [32] [33 <E:/Skole/Prosjektoppgave/Prosjektoppgave-2012/Report/Figures/ica_mus
ic_speech.png (PNG copy)>]
Chapter 5.
[34

] <Figures/time_signal.png, id=669, 449.68pt x 337.26pt>
File: Figures/time_signal.png Graphic file (type png)

<use Figures/time_signal.png>
Package pdftex.def Info: Figures/time_signal.png used on input line 1277.
(pdftex.def)             Requested size: 288.0011pt x 216.01033pt.
 [35 <E:/Skole/Prosjektoppgave/Prosjektoppgave-2012/Report/Figures/time_signal.
png (PNG copy)>]
<Figures/logmax.png, id=679, 964.403pt x 560.494pt>
File: Figures/logmax.png Graphic file (type png)
 <use Figures/logmax.png>
Package pdftex.def Info: Figures/logmax.png used on input line 1338.
(pdftex.def)             Requested size: 323.9978pt x 188.29904pt.


LaTeX Warning: `!h' float specifier changed to `!ht'.

[36] [37 <E:/Skole/Prosjektoppgave/Prosjektoppgave-2012/Report/Figures/logmax.p
ng (PNG copy)>] <Figures/gaussmix.png, id=693, 449.68pt x 337.26pt>
File: Figures/gaussmix.png Graphic file (type png)

<use Figures/gaussmix.png>
Package pdftex.def Info: Figures/gaussmix.png used on input line 1395.
(pdftex.def)             Requested size: 288.0011pt x 216.01033pt.
 [38 <E:/Skole/Prosjektoppgave/Prosjektoppgave-2012/Report/Figures/gaussmix.png
 (PNG copy)>] [39] [40]

LaTeX Warning: Float too large for page by 90.19756pt on input line 1604.

[41] [42] [43] <Figures/spectrogram_count.png, id=787, 578.16pt x 433.62pt>
File: Figures/spectrogram_count.png Graphic file (type png)

<use Figures/spectrogram_count.png>
Package pdftex.def Info: Figures/spectrogram_count.png used on input line 1679.

(pdftex.def)             Requested size: 323.9978pt x 242.99757pt.
 [44 <E:/Skole/Prosjektoppgave/Prosjektoppgave-2012/Report/Figures/spectrogram_
count.png (PNG copy)>] [45]
<Figures/music_count.png, id=801, 720.291pt x 529.177pt>
File: Figures/music_count.png Graphic file (type png)

<use Figures/music_count.png>
Package pdftex.def Info: Figures/music_count.png used on input line 1759.
(pdftex.def)             Requested size: 288.0011pt x 211.5863pt.

<Figures/spectrograms_test.png, id=803, 772.486pt x 630.355pt>
File: Figures/spectrograms_test.png Graphic file (type png)

<use Figures/spectrograms_test.png>
Package pdftex.def Info: Figures/spectrograms_test.png used on input line 1779.

(pdftex.def)             Requested size: 323.9978pt x 264.38179pt.
 [46 <E:/Skole/Prosjektoppgave/Prosjektoppgave-2012/Report/Figures/music_count.
png (PNG copy)>]
<Figures/recovered_voice.png, id=814, 869.649pt x 447.271pt>
File: Figures/recovered_voice.png Graphic file (type png)

<use Figures/recovered_voice.png>
Package pdftex.def Info: Figures/recovered_voice.png used on input line 1808.
(pdftex.def)             Requested size: 323.9978pt x 166.63423pt.

<Figures/recovered_music.png, id=815, 1067.187pt x 517.132pt>
File: Figures/recovered_music.png Graphic file (type png)

<use Figures/recovered_music.png>
Package pdftex.def Info: Figures/recovered_music.png used on input line 1817.
(pdftex.def)             Requested size: 323.9978pt x 157.00302pt.
 [47 <E:/Skole/Prosjektoppgave/Prosjektoppgave-2012/Report/Figures/spectrograms
_test.png (PNG copy)>] [48 <E:/Skole/Prosjektoppgave/Prosjektoppgave-2012/Repor
t/Figures/recovered_voice.png (PNG copy)> <E:/Skole/Prosjektoppgave/Prosjektopp
gave-2012/Report/Figures/recovered_music.png (PNG copy)>] [49]
Chapter 6.
[50

]
(E:\Skole\Prosjektoppgave\Prosjektoppgave-2012\Report\LiteratureReview\bibl.tex
[51]
Underfull \hbox (badness 1038) in paragraph at lines 37--40
[]\OT1/cmr/m/n/10.95 Cardoso, J. L.(1998), ``Mul-ti-di-men-sional In-de-pen-den
t Com-po-nent
 []

[52

])
Package minitoc Info: I0009
(minitoc)             Listing minitoc auxiliary files. 
(minitoc)             Creating the main.maf file.


Package minitoc(hints) Warning: W0024
(minitoc(hints))                Some hints have been written 
(minitoc(hints))                in the main.log file.

Package atveryend Info: Empty hook `BeforeClearDocument' on input line 1867.
[53]
Package atveryend Info: Empty hook `AfterLastShipout' on input line 1867.
 (E:\Skole\Prosjektoppgave\Prosjektoppgave-2012\Report\main.aux)
Package atveryend Info: Executing hook `AtVeryEndDocument' on input line 1867.
Package atveryend Info: Executing hook `AtEndAfterFileList' on input line 1867.

Package rerunfilecheck Info: File `main.out' has not changed.
(rerunfilecheck)             Checksum: 49D2B1D10897783CC5869DA586BFC30B;3405.


LaTeX Warning: There were undefined references.


LaTeX Warning: There were multiply-defined labels.

Package atveryend Info: Empty hook `AtVeryVeryEnd' on input line 1867.
 )
(\end occurred inside a group at level 1)

### semi simple group (level 1) entered at line 58 (\begingroup)
### bottom level 
Here is how much of TeX's memory you used:
 10822 strings out of 494045
 153639 string characters out of 3151204
 324513 words of memory out of 3000000
 13482 multiletter control sequences out of 15000+200000
 17614 words of font info for 65 fonts, out of 3000000 for 9000
 715 hyphenation exceptions out of 8191
 36i,11n,40p,849b,1286s stack positions out of 5000i,500n,10000p,200000b,50000s
pdfTeX warning (dest): name{Hfootnote.7} has been referenced bu
t does not exist, replaced by a fixed one

<E:/Programmer/MiKTeX/fonts/type1/public/amsfonts/cm/cmbx10.pfb><E:/Programmer/
MiKTeX/fonts/type1/public/amsfonts/cm/cmbx12.pfb><E:/Programmer/MiKTeX/fonts/ty
pe1/public/amsfonts/cm/cmcsc10.pfb><E:/Programmer/MiKTeX/fonts/type1/public/ams
fonts/cm/cmex10.pfb><E:/Programmer/MiKTeX/fonts/type1/public/amsfonts/cmextra/c
mex9.pfb><E:/Programmer/MiKTeX/fonts/type1/public/amsfonts/cm/cmmi10.pfb><E:/Pr
ogrammer/MiKTeX/fonts/type1/public/amsfonts/cm/cmmi5.pfb><E:/Programmer/MiKTeX/
fonts/type1/public/amsfonts/cm/cmmi6.pfb><E:/Programmer/MiKTeX/fonts/type1/publ
ic/amsfonts/cm/cmmi8.pfb><E:/Programmer/MiKTeX/fonts/type1/public/amsfonts/cm/c
mmi9.pfb><E:/Programmer/MiKTeX/fonts/type1/public/amsfonts/cm/cmmib10.pfb><E:/P
rogrammer/MiKTeX/fonts/type1/public/amsfonts/cmextra/cmmib8.pfb><E:/Programmer/
MiKTeX/fonts/type1/public/amsfonts/cm/cmr10.pfb><E:/Programmer/MiKTeX/fonts/typ
e1/public/amsfonts/cm/cmr17.pfb><E:/Programmer/MiKTeX/fonts/type1/public/amsfon
ts/cm/cmr6.pfb><E:/Programmer/MiKTeX/fonts/type1/public/amsfonts/cm/cmr8.pfb><E
:/Programmer/MiKTeX/fonts/type1/public/amsfonts/cm/cmr9.pfb><E:/Programmer/MiKT
eX/fonts/type1/public/amsfonts/cm/cmsy10.pfb><E:/Programmer/MiKTeX/fonts/type1/
public/amsfonts/cm/cmsy6.pfb><E:/Programmer/MiKTeX/fonts/type1/public/amsfonts/
cm/cmsy8.pfb><E:/Programmer/MiKTeX/fonts/type1/public/amsfonts/cm/cmsy9.pfb><E:
/Programmer/MiKTeX/fonts/type1/public/amsfonts/cm/cmti10.pfb><E:/Programmer/MiK
TeX/fonts/type1/public/amsfonts/cm/cmti9.pfb><E:/Programmer/MiKTeX/fonts/type1/
public/amsfonts/cm/cmtt10.pfb><E:/Programmer/MiKTeX/fonts/type1/public/amsfonts
/cm/cmtt9.pfb><E:/Programmer/MiKTeX/fonts/type1/public/amsfonts/symbols/msbm10.
pfb>
Output written on main.pdf (55 pages, 1839041 bytes).
PDF statistics:
 990 PDF objects out of 1000 (max. 8388607)
 275 named destinations out of 1000 (max. 500000)
 459 words of extra memory for PDF output out of 10000 (max. 10000000)

